c:\users\aki\source\repos\algorithms\algorithms\x64\release\vc143.pdb
c:\users\aki\source\repos\algorithms\algorithms\x64\release\main.obj
c:\users\aki\source\repos\algorithms\x64\release\algorithm.exe
c:\users\aki\source\repos\algorithms\algorithms\x64\release\algorithm.ipdb
c:\users\aki\source\repos\algorithms\x64\release\algorithm.pdb
c:\users\aki\source\repos\algorithms\algorithms\x64\release\algorithm.iobj
c:\users\aki\source\repos\algorithms\algorithms\x64\release\algorithms.res
c:\users\aki\desktop\algorithms\algorithms\x64\release\main.obj
c:\users\aki\desktop\algorithms\algorithms\x64\release\algorithm.ipdb
c:\users\aki\desktop\algorithms\algorithms\x64\release\algorithm.iobj
c:\users\aki\desktop\algorithms\algorithms\x64\release\algorithms.res
c:\users\aki\desktop\algorithms\algorithms\x64\release\vc143.pdb
c:\users\aki\desktop\algorithms\x64\release\algorithm.pdb
c:\users\aki\desktop\algorithms\x64\release\algorithm.exe
c:\users\aki\desktop\algorithms\algorithms\x64\release\algorithm.tlog\cl.command.1.tlog
c:\users\aki\desktop\algorithms\algorithms\x64\release\algorithm.tlog\cl.read.1.tlog
c:\users\aki\desktop\algorithms\algorithms\x64\release\algorithm.tlog\cl.write.1.tlog
c:\users\aki\desktop\algorithms\algorithms\x64\release\algorithm.tlog\link.command.1.tlog
c:\users\aki\desktop\algorithms\algorithms\x64\release\algorithm.tlog\link.read.1.tlog
c:\users\aki\desktop\algorithms\algorithms\x64\release\algorithm.tlog\link.write.1.tlog
c:\users\aki\desktop\algorithms\algorithms\x64\release\algorithm.tlog\rc.command.1.tlog
c:\users\aki\desktop\algorithms\algorithms\x64\release\algorithm.tlog\rc.read.1.tlog
c:\users\aki\desktop\algorithms\algorithms\x64\release\algorithm.tlog\rc.write.1.tlog
